<?xml version="1.0" encoding="UTF-8"?>
<!-- Generated by org.testng.reporters.JUnitXMLReporter -->
<testsuite ignored="0" hostname="SHP" failures="0" tests="2" name="Test" time="36.921" errors="0" timestamp="2021-12-11T23:12:12 IST">
  <testcase classname="com.shubha.paralleltesting.ParallelTest1" name="@AfterMethod appclose" time="0.005">
    <failure type="java.lang.NullPointerException">
      <![CDATA[java.lang.NullPointerException
at com.shubha.paralleltesting.ParallelTest1.appclose(ParallelTest1.java:56)
at java.base/java.util.concurrent.ThreadPoolExecutor.runWorker(ThreadPoolExecutor.java:1128)
at java.base/java.util.concurrent.ThreadPoolExecutor$Worker.run(ThreadPoolExecutor.java:628)
at java.base/java.lang.Thread.run(Thread.java:834)
... Removed 17 stack frames]]>
    </failure>
  </testcase> <!-- @AfterMethod appclose -->
  <testcase classname="com.shubha.paralleltesting.ParallelTest1" name="@AfterMethod appclose" time="0.001">
    <failure type="java.lang.NullPointerException">
      <![CDATA[java.lang.NullPointerException
at com.shubha.paralleltesting.ParallelTest1.appclose(ParallelTest1.java:56)
at java.base/java.util.concurrent.ThreadPoolExecutor.runWorker(ThreadPoolExecutor.java:1128)
at java.base/java.util.concurrent.ThreadPoolExecutor$Worker.run(ThreadPoolExecutor.java:628)
at java.base/java.lang.Thread.run(Thread.java:834)
... Removed 17 stack frames]]>
    </failure>
  </testcase> <!-- @AfterMethod appclose -->
  <testcase classname="com.shubha.paralleltesting.ParallelTest1" name="homepageTiltle" time="36.587"/>
  <testcase classname="com.shubha.paralleltesting.ParallelTest1" name="logoTest" time="36.663"/>
</testsuite> <!-- Test -->
