<?xml version="1.0" encoding="UTF-8"?>
<!-- Generated by org.testng.reporters.JUnitXMLReporter -->
<testsuite ignored="0" hostname="SHP" failures="0" tests="3" name="Test" time="20.352" errors="0" timestamp="2021-12-11T14:06:30 IST">
  <testcase classname="com.shubha.LoginPageTestCase" name="loginTest" time="20.252"/>
  <testcase classname="com.shubha.LoginPageTest" name="testLogin1" time="0.015"/>
  <testcase classname="com.shubha.LoginPageTest" name="testLogin2" time="0.001"/>
</testsuite> <!-- Test -->
