<?xml version="1.0" encoding="UTF-8"?>
<!-- Generated by org.testng.reporters.JUnitXMLReporter -->
<testsuite ignored="0" hostname="SHP" failures="2" tests="2" name="Test(failed)" time="21.566" errors="0" timestamp="2021-12-11T18:42:07 IST">
  <testcase classname="com.shubha.AssertionExample" name="logoTest" time="2.192">
    <failure type="java.lang.AssertionError" message="Logo is  visible on webpage expected [false] but found [true]">
      <![CDATA[java.lang.AssertionError: Logo is  visible on webpage expected [false] but found [true]
at com.shubha.AssertionExample.logoTest(AssertionExample.java:34)
at java.base/java.util.ArrayList.forEach(ArrayList.java:1541)
... Removed 30 stack frames]]>
    </failure>
  </testcase> <!-- logoTest -->
  <testcase classname="com.shubha.AssertionExample" name="homepageTiltle" time="2.022">
    <failure type="java.lang.AssertionError" message="Title is not matching expected [OrangeHRM123] but found [OrangeHRM]">
      <![CDATA[java.lang.AssertionError: Title is not matching expected [OrangeHRM123] but found [OrangeHRM]
at com.shubha.AssertionExample.homepageTiltle(AssertionExample.java:43)
at java.base/java.util.ArrayList.forEach(ArrayList.java:1541)
... Removed 32 stack frames]]>
    </failure>
  </testcase> <!-- homepageTiltle -->
</testsuite> <!-- Test(failed) -->
