<?xml version="1.0" encoding="UTF-8"?>
<testng-results ignored="0" total="3" passed="3" failed="0" skipped="0">
  <reporter-output>
  </reporter-output>
  <suite started-at="2021-12-11T14:06:10 IST" name="Suite" finished-at="2021-12-11T14:06:30 IST" duration-ms="20352">
    <groups>
    </groups>
    <test started-at="2021-12-11T14:06:10 IST" name="Test" finished-at="2021-12-11T14:06:30 IST" duration-ms="20352">
      <class name="com.shubha.LoginPageTestCase">
        <test-method signature="loginTest()[pri:0, instance:com.shubha.LoginPageTestCase@14555e0a]" started-at="2021-12-11T14:06:10 IST" name="loginTest" finished-at="2021-12-11T14:06:30 IST" duration-ms="20252" status="PASS">
          <reporter-output>
          </reporter-output>
        </test-method> <!-- loginTest -->
      </class> <!-- com.shubha.LoginPageTestCase -->
      <class name="com.shubha.LoginPageTest">
        <test-method signature="testLogin1()[pri:0, instance:com.shubha.LoginPageTest@3d6f0054]" started-at="2021-12-11T14:06:30 IST" name="testLogin1" finished-at="2021-12-11T14:06:30 IST" duration-ms="15" status="PASS">
          <reporter-output>
          </reporter-output>
        </test-method> <!-- testLogin1 -->
        <test-method signature="testLogin2()[pri:0, instance:com.shubha.LoginPageTest@3d6f0054]" started-at="2021-12-11T14:06:30 IST" name="testLogin2" finished-at="2021-12-11T14:06:30 IST" duration-ms="1" status="PASS">
          <reporter-output>
          </reporter-output>
        </test-method> <!-- testLogin2 -->
      </class> <!-- com.shubha.LoginPageTest -->
    </test> <!-- Test -->
  </suite> <!-- Suite -->
</testng-results>
